This is pdfTeX, Version 3.1415926-2.4-1.40.13 (MiKTeX 2.9) (preloaded format=pdflatex 2013.4.2)  6 APR 2014 13:36
entering extended mode
**Master_thesis_Inge_Nikolai_Torsvik.tex
("C:\Users\Inge Nikolai\Master-thesis\Master_thesis_Inge_Nikolai_Torsvik.tex"
LaTeX2e <2011/06/27>
Babel <v3.8m> and hyphenation patterns for english, afrikaans, ancientgreek, ar
abic, armenian, assamese, basque, bengali, bokmal, bulgarian, catalan, coptic, 
croatian, czech, danish, dutch, esperanto, estonian, farsi, finnish, french, ga
lician, german, german-x-2012-05-30, greek, gujarati, hindi, hungarian, iceland
ic, indonesian, interlingua, irish, italian, kannada, kurmanji, latin, latvian,
 lithuanian, malayalam, marathi, mongolian, mongolianlmc, monogreek, ngerman, n
german-x-2012-05-30, nynorsk, oriya, panjabi, pinyin, polish, portuguese, roman
ian, russian, sanskrit, serbian, slovak, slovenian, spanish, swedish, swissgerm
an, tamil, telugu, turkish, turkmen, ukenglish, ukrainian, uppersorbian, usengl
ishmax, welsh, loaded.
("C:\Program Files (x86)\MiKTeX 2.9\tex\latex\base\article.cls"
Document Class: article 2007/10/19 v1.4h Standard LaTeX document class
("C:\Program Files (x86)\MiKTeX 2.9\tex\latex\base\size12.clo"
File: size12.clo 2007/10/19 v1.4h Standard LaTeX file (size option)
)
\c@part=\count79
\c@section=\count80
\c@subsection=\count81
\c@subsubsection=\count82
\c@paragraph=\count83
\c@subparagraph=\count84
\c@figure=\count85
\c@table=\count86
\abovecaptionskip=\skip41
\belowcaptionskip=\skip42
\bibindent=\dimen102
)
("C:\Program Files (x86)\MiKTeX 2.9\tex\latex\base\inputenc.sty"
Package: inputenc 2008/03/30 v1.1d Input encoding file
\inpenc@prehook=\toks14
\inpenc@posthook=\toks15

("C:\Program Files (x86)\MiKTeX 2.9\tex\latex\base\latin1.def"
File: latin1.def 2008/03/30 v1.1d Input encoding file
))
("C:\Program Files (x86)\MiKTeX 2.9\tex\latex\geometry\geometry.sty"
Package: geometry 2010/09/12 v5.6 Page Geometry

("C:\Program Files (x86)\MiKTeX 2.9\tex\latex\graphics\keyval.sty"
Package: keyval 1999/03/16 v1.13 key=value parser (DPC)
\KV@toks@=\toks16
)
("C:\Program Files (x86)\MiKTeX 2.9\tex\generic\oberdiek\ifpdf.sty"
Package: ifpdf 2011/01/30 v2.3 Provides the ifpdf switch (HO)
Package ifpdf Info: pdfTeX in PDF mode is detected.
)
("C:\Program Files (x86)\MiKTeX 2.9\tex\generic\oberdiek\ifvtex.sty"
Package: ifvtex 2010/03/01 v1.5 Detect VTeX and its facilities (HO)
Package ifvtex Info: VTeX not detected.
)
("C:\Program Files (x86)\MiKTeX 2.9\tex\generic\ifxetex\ifxetex.sty"
Package: ifxetex 2010/09/12 v0.6 Provides ifxetex conditional
)
\Gm@cnth=\count87
\Gm@cntv=\count88
\c@Gm@tempcnt=\count89
\Gm@bindingoffset=\dimen103
\Gm@wd@mp=\dimen104
\Gm@odd@mp=\dimen105
\Gm@even@mp=\dimen106
\Gm@layoutwidth=\dimen107
\Gm@layoutheight=\dimen108
\Gm@layouthoffset=\dimen109
\Gm@layoutvoffset=\dimen110
\Gm@dimlist=\toks17

("C:\Program Files (x86)\MiKTeX 2.9\tex\latex\geometry\geometry.cfg"))
("C:\Program Files (x86)\MiKTeX 2.9\tex\latex\picinpar\picinpar.sty"
Pictures in Paragraphs. Version 1.2a, July 13, 1993
\br=\count90
\bl=\count91
\na=\count92
\nb=\count93
\tcdsav=\count94
\tcl=\count95
\tcd=\count96
\tcn=\count97
\cumtcl=\count98
\cumpartcl=\count99
\lftside=\dimen111
\rtside=\dimen112
\hpic=\dimen113
\vpic=\dimen114
\strutilg=\dimen115
\picwd=\dimen116
\topheight=\dimen117
\ilg=\dimen118
\lpic=\dimen119
\lwindowsep=\dimen120
\rwindowsep=\dimen121
\cumpar=\dimen122
\twa=\toks18
\la=\toks19
\ra=\toks20
\ha=\toks21
\pictoc=\toks22
\rawtext=\box26
\holder=\box27
\windowbox=\box28
\wartext=\box29
\finaltext=\box30
\aslice=\box31
\bslice=\box32
\wbox=\box33
\wstrutbox=\box34
\picbox=\box35
\waslice=\box36
\wbslice=\box37
\fslice=\box38
) ("C:\Program Files (x86)\MiKTeX 2.9\tex\latex\graphics\graphicx.sty"
Package: graphicx 1999/02/16 v1.0f Enhanced LaTeX Graphics (DPC,SPQR)

("C:\Program Files (x86)\MiKTeX 2.9\tex\latex\graphics\graphics.sty"
Package: graphics 2009/02/05 v1.0o Standard LaTeX Graphics (DPC,SPQR)

("C:\Program Files (x86)\MiKTeX 2.9\tex\latex\graphics\trig.sty"
Package: trig 1999/03/16 v1.09 sin cos tan (DPC)
)
("C:\Program Files (x86)\MiKTeX 2.9\tex\latex\00miktex\graphics.cfg"
File: graphics.cfg 2007/01/18 v1.5 graphics configuration of teTeX/TeXLive
)
Package graphics Info: Driver file: pdftex.def on input line 91.

("C:\Program Files (x86)\MiKTeX 2.9\tex\latex\pdftex-def\pdftex.def"
File: pdftex.def 2011/05/27 v0.06d Graphics/color for pdfTeX

("C:\Program Files (x86)\MiKTeX 2.9\tex\generic\oberdiek\infwarerr.sty"
Package: infwarerr 2010/04/08 v1.3 Providing info/warning/error messages (HO)
)
("C:\Program Files (x86)\MiKTeX 2.9\tex\generic\oberdiek\ltxcmds.sty"
Package: ltxcmds 2011/11/09 v1.22 LaTeX kernel commands for general use (HO)
)
\Gread@gobject=\count100
))
\Gin@req@height=\dimen123
\Gin@req@width=\dimen124
)
("C:\Program Files (x86)\MiKTeX 2.9\tex\latex\caption\caption.sty"
Package: caption 2013/02/03 v3.3-65 Customizing captions (AR)

("C:\Program Files (x86)\MiKTeX 2.9\tex\latex\caption\caption3.sty"
Package: caption3 2013/02/03 v1.5-62 caption3 kernel (AR)
\captionmargin=\dimen125
\captionmargin@=\dimen126
\captionwidth=\dimen127
\caption@tempdima=\dimen128
\caption@indent=\dimen129
\caption@parindent=\dimen130
\caption@hangindent=\dimen131
)
\c@ContinuedFloat=\count101
Package caption Info: picinpar package is loaded.
)
("C:\Program Files (x86)\MiKTeX 2.9\tex\latex\caption\subcaption.sty"
Package: subcaption 2013/02/03 v1.1-62 Sub-captions (AR)
\c@subfigure=\count102
\c@subtable=\count103
)
("C:\Program Files (x86)\MiKTeX 2.9\tex\latex\wrapfig\wrapfig.sty"
\wrapoverhang=\dimen132
\WF@size=\dimen133
\c@WF@wrappedlines=\count104
\WF@box=\box39
\WF@everypar=\toks23
Package: wrapfig 2003/01/31  v 3.6
)
("C:\Program Files (x86)\MiKTeX 2.9\tex\latex\subfig\subfig.sty"
Package: subfig 2005/06/28 ver: 1.3 subfig package
\c@KVtest=\count105
\sf@farskip=\skip43
\sf@captopadj=\dimen134
\sf@capskip=\skip44
\sf@nearskip=\skip45
\sf@top=\skip46
\sf@bottom=\skip47
)
("C:\Program Files (x86)\MiKTeX 2.9\tex\latex\tools\enumerate.sty"
Package: enumerate 1999/03/05 v3.00 enumerate extensions (DPC)
\@enLab=\toks24
)
("C:\Program Files (x86)\MiKTeX 2.9\tex\latex\multirow\multirow.sty"
\bigstrutjot=\dimen135
)
("C:\Program Files (x86)\MiKTeX 2.9\tex\latex\siunits\SIunits.sty"
Package: SIunits 2007/12/02 v1.36 Support for the International System of units
 (MH)


\@qskwidth=\skip48
\symgreek=\mathgroup4
("C:\Program Files (x86)\MiKTeX 2.9\tex\latex\amsmath\amstext.sty"
Package: amstext 2000/06/29 v2.01

("C:\Program Files (x86)\MiKTeX 2.9\tex\latex\amsmath\amsgen.sty"
File: amsgen.sty 1999/11/30 v2.0
\@emptytoks=\toks25
\ex@=\dimen136
))
("C:\Program Files (x86)\MiKTeX 2.9\tex\latex\siunits\SIunits.cfg"))
("C:\Program Files (x86)\MiKTeX 2.9\tex\latex\amsmath\amsmath.sty"
Package: amsmath 2013/01/14 v2.14 AMS math features
\@mathmargin=\skip49

For additional information on amsmath, use the `?' option.
("C:\Program Files (x86)\MiKTeX 2.9\tex\latex\amsmath\amsbsy.sty"
Package: amsbsy 1999/11/29 v1.2d
\pmbraise@=\dimen137
)
("C:\Program Files (x86)\MiKTeX 2.9\tex\latex\amsmath\amsopn.sty"
Package: amsopn 1999/12/14 v2.01 operator names
)
\inf@bad=\count106
LaTeX Info: Redefining \frac on input line 210.
\uproot@=\count107
\leftroot@=\count108
LaTeX Info: Redefining \overline on input line 306.
\classnum@=\count109
\DOTSCASE@=\count110
LaTeX Info: Redefining \ldots on input line 378.
LaTeX Info: Redefining \dots on input line 381.
LaTeX Info: Redefining \cdots on input line 466.
\Mathstrutbox@=\box40
\strutbox@=\box41
\big@size=\dimen138
LaTeX Font Info:    Redeclaring font encoding OML on input line 566.
LaTeX Font Info:    Redeclaring font encoding OMS on input line 567.
\macc@depth=\count111
\c@MaxMatrixCols=\count112
\dotsspace@=\muskip10
\c@parentequation=\count113
\dspbrk@lvl=\count114
\tag@help=\toks26
\row@=\count115
\column@=\count116
\maxfields@=\count117
\andhelp@=\toks27
\eqnshift@=\dimen139
\alignsep@=\dimen140
\tagshift@=\dimen141
\tagwidth@=\dimen142
\totwidth@=\dimen143
\lineht@=\dimen144
\@envbody=\toks28
\multlinegap=\skip50
\multlinetaggap=\skip51
\mathdisplay@stack=\toks29
LaTeX Info: Redefining \[ on input line 2665.
LaTeX Info: Redefining \] on input line 2666.
)
("C:\Program Files (x86)\MiKTeX 2.9\tex\latex\tools\array.sty"
Package: array 2008/09/09 v2.4c Tabular extension package (FMi)
\col@sep=\dimen145
\extrarowheight=\dimen146
\NC@list=\toks30
\extratabsurround=\skip52
\backup@length=\skip53
)
("C:\Program Files (x86)\MiKTeX 2.9\tex\latex\tools\calc.sty"
Package: calc 2007/08/22 v4.3 Infix arithmetic (KKT,FJ)
\calc@Acount=\count118
\calc@Bcount=\count119
\calc@Adimen=\dimen147
\calc@Bdimen=\dimen148
\calc@Askip=\skip54
\calc@Bskip=\skip55
LaTeX Info: Redefining \setlength on input line 76.
LaTeX Info: Redefining \addtolength on input line 77.
\calc@Ccount=\count120
\calc@Cskip=\skip56
)
("C:\Program Files (x86)\MiKTeX 2.9\tex\latex\tools\tabularx.sty"
Package: tabularx 1999/01/07 v2.07 `tabularx' package (DPC)
\TX@col@width=\dimen149
\TX@old@table=\dimen150
\TX@old@col=\dimen151
\TX@target=\dimen152
\TX@delta=\dimen153
\TX@cols=\count121
\TX@ftn=\toks31
)
("C:\Program Files (x86)\MiKTeX 2.9\tex\latex\setspace\setspace.sty"
Package: setspace 2011/12/19 v6.7a set line spacing
)
("C:\Program Files (x86)\MiKTeX 2.9\tex\latex\tools\verbatim.sty"
Package: verbatim 2003/08/22 v1.5q LaTeX2e package for verbatim enhancements
\every@verbatim=\toks32
\verbatim@line=\toks33
\verbatim@in@stream=\read1
)
("C:\Program Files (x86)\MiKTeX 2.9\tex\latex\cite\cite.sty"
LaTeX Info: Redefining \cite on input line 302.
LaTeX Info: Redefining \nocite on input line 373.
Package: cite 2010/09/10  v 5.3
)
("C:\Program Files (x86)\MiKTeX 2.9\tex\latex\booktabs\booktabs.sty"
Package: booktabs 2005/04/14 v1.61803 publication quality tables
\heavyrulewidth=\dimen154
\lightrulewidth=\dimen155
\cmidrulewidth=\dimen156
\belowrulesep=\dimen157
\belowbottomsep=\dimen158
\aboverulesep=\dimen159
\abovetopsep=\dimen160
\cmidrulesep=\dimen161
\cmidrulekern=\dimen162
\defaultaddspace=\dimen163
\@cmidla=\count122
\@cmidlb=\count123
\@aboverulesep=\dimen164
\@belowrulesep=\dimen165
\@thisruleclass=\count124
\@lastruleclass=\count125
\@thisrulewidth=\dimen166
)
("C:\Program Files (x86)\MiKTeX 2.9\tex\latex\float\float.sty"
Package: float 2001/11/08 v1.3d Float enhancements (AL)
\c@float@type=\count126
\float@exts=\toks34
\float@box=\box42
\@float@everytoks=\toks35
\@floatcapt=\box43
)
("C:\Program Files (x86)\MiKTeX 2.9\tex\latex\mh\mathtools.sty"
Package: mathtools 2013/02/12 v1.13 mathematical typesetting tools

("C:\Program Files (x86)\MiKTeX 2.9\tex\latex\mh\mhsetup.sty"
Package: mhsetup 2010/01/21 v1.2a programming setup (MH)
)
LaTeX Info: Thecontrolsequence`\['isalreadyrobust on input line 129.
LaTeX Info: Thecontrolsequence`\]'isalreadyrobust on input line 129.
\g_MT_multlinerow_int=\count127
\l_MT_multwidth_dim=\dimen167
\origjot=\skip57
\l_MT_shortvdotswithinadjustabove_dim=\dimen168
\l_MT_shortvdotswithinadjustbelow_dim=\dimen169
\l_MT_above_intertext_sep=\dimen170
\l_MT_below_intertext_sep=\dimen171
\l_MT_above_shortintertext_sep=\dimen172
\l_MT_below_shortintertext_sep=\dimen173
)
("C:\Program Files (x86)\MiKTeX 2.9\tex\latex\threeparttable\threeparttable.sty
"
Package: threeparttable 2003/06/13  v 3.0
\@tempboxb=\box44
) ("C:\Program Files (x86)\MiKTeX 2.9\tex\latex\standalone\standalone.sty"
Package: standalone 2012/09/15 v1.1b Package to include TeX sub-files with prea
mbles

("C:\Program Files (x86)\MiKTeX 2.9\tex\generic\oberdiek\ifluatex.sty"
Package: ifluatex 2010/03/01 v1.3 Provides the ifluatex switch (HO)
Package ifluatex Info: LuaTeX not detected.
)
("C:\Program Files (x86)\MiKTeX 2.9\tex\latex\xkeyval\xkeyval.sty"
Package: xkeyval 2012/10/14 v2.6b package option processing (HA)

("C:\Program Files (x86)\MiKTeX 2.9\tex\generic\xkeyval\xkeyval.tex"
\XKV@toks=\toks36
\XKV@tempa@toks=\toks37
\XKV@depth=\count128
File: xkeyval.tex 2012/10/14 v2.6b key=value parser (HA)
))
("C:\Program Files (x86)\MiKTeX 2.9\tex\latex\currfile\currfile.sty"
Package: currfile 2013/02/01 v0.7b Provides the file path elements of the curre
nt input file

("C:\Program Files (x86)\MiKTeX 2.9\tex\latex\oberdiek\kvoptions.sty"
Package: kvoptions 2011/06/30 v3.11 Key value format for package options (HO)

("C:\Program Files (x86)\MiKTeX 2.9\tex\generic\oberdiek\kvsetkeys.sty"
Package: kvsetkeys 2012/04/25 v1.16 Key value parser (HO)

("C:\Program Files (x86)\MiKTeX 2.9\tex\generic\oberdiek\etexcmds.sty"
Package: etexcmds 2011/02/16 v1.5 Avoid name clashes with e-TeX commands (HO)
Package etexcmds Info: Could not find \expanded.
(etexcmds)             That can mean that you are not using pdfTeX 1.50 or
(etexcmds)             that some package has redefined \expanded.
(etexcmds)             In the latter case, load this package earlier.
)))
("C:\Program Files (x86)\MiKTeX 2.9\tex\latex\filehook\filehook.sty"
Package: filehook 2011/10/12 v0.5d Hooks for input files
)
\c@currfiledepth=\count129
)
("C:\Program Files (x86)\MiKTeX 2.9\tex\latex\gincltex\gincltex.sty"
("C:\Program Files (x86)\MiKTeX 2.9\tex\latex\svn-prov\svn-prov.sty"
Package: svn-prov 2010/04/24 v3.1862 Package Date/Version from SVN Keywords
)
Package: gincltex 2011/09/04 v0.3 Include external LaTeX files like graphics

("C:\Program Files (x86)\MiKTeX 2.9\tex\latex\adjustbox\adjustbox.sty"
Package: adjustbox 2012/05/21 v1.0 Adjusting TeX boxes (trim, clip, ...)

("C:\Program Files (x86)\MiKTeX 2.9\tex\latex\adjustbox\adjcalc.sty"
Package: adjcalc 2012/05/16 v1.1 Provides advanced setlength with multiple back
-ends (calc, etex, pgfmath)
)
("C:\Program Files (x86)\MiKTeX 2.9\tex\latex\adjustbox\trimclip.sty"
Package: trimclip 2012/05/16 v1.0 Trim and clip general TeX material

("C:\Program Files (x86)\MiKTeX 2.9\tex\latex\collectbox\collectbox.sty"
Package: collectbox 2012/05/17 v0.4b Collect macro arguments as boxes
\collectedbox=\box45
)
\tc@llx=\dimen174
\tc@lly=\dimen175
\tc@urx=\dimen176
\tc@ury=\dimen177
Package trimclip Info: Using driver 'tc-pdftex.def'.

("C:\Program Files (x86)\MiKTeX 2.9\tex\latex\adjustbox\tc-pdftex.def"
File: tc-pdftex.def 2012/05/13 v1.0 Clipping driver for pdftex
))
\adjbox@Width=\dimen178
\adjbox@Height=\dimen179
\adjbox@Depth=\dimen180
\adjbox@Totalheight=\dimen181

("C:\Program Files (x86)\MiKTeX 2.9\tex\latex\ifoddpage\ifoddpage.sty"
Package: ifoddpage 2011/09/13 v1.0 Conditionals for odd/even page detection
\c@checkoddpage=\count130
)
("C:\Program Files (x86)\MiKTeX 2.9\tex\latex\ltxmisc\varwidth.sty"
Package: varwidth 2009/03/30 ver 0.92;  Variable-width minipages
\@vwid@box=\box46
\sift@deathcycles=\count131
\@vwid@loff=\dimen182
\@vwid@roff=\dimen183
))
\gincltex@box=\box47
)
("C:\Program Files (x86)\MiKTeX 2.9\tex\latex\filemod\filemod-expmin.sty"
Package: filemod-expmin 2011/09/19 v1.2 Get and compare file modification times
 (expandable; minimal)
))
("C:\Program Files (x86)\MiKTeX 2.9\tex\latex\tools\dcolumn.sty"
Package: dcolumn 2001/05/28 v1.06 decimal alignment package (DPC)
)
("C:\Program Files (x86)\MiKTeX 2.9\tex\latex\placeins\placeins.sty"
Package: placeins 2005/04/18  v 2.2
)
("C:\Program Files (x86)\MiKTeX 2.9\tex\latex\fancyvrb\fancyvrb.sty"
Package: fancyvrb 2008/02/07

Style option: `fancyvrb' v2.7a, with DG/SPQR fixes, and firstline=lastline fix 
<2008/02/07> (tvz)
\FV@CodeLineNo=\count132
\FV@InFile=\read2
\FV@TabBox=\box48
\c@FancyVerbLine=\count133
\FV@StepNumber=\count134
\FV@OutFile=\write3
)
("C:\Program Files (x86)\MiKTeX 2.9\tex\latex\tools\afterpage.sty"
Package: afterpage 1995/10/27 v1.08 After-Page Package (DPC)
\AP@output=\toks38
\AP@partial=\box49
\AP@footins=\box50
)
("C:\Program Files (x86)\MiKTeX 2.9\tex\latex\nomencl\nomencl.sty"
Package: nomencl 2005/09/22 v4.2 Nomenclature package (LN)
\nomlabelwidth=\dimen184
\nom@tempdim=\dimen185
\nomitemsep=\skip58
)
\@nomenclaturefile=\write4

Writing nomenclature file Master_thesis_Inge_Nikolai_Torsvik.nlo
("C:\Program Files (x86)\MiKTeX 2.9\tex\latex\acronym\acronym.sty"
Package: acronym 2012/10/29 v1.38 Support for acronyms (Tobias Oetiker)

("C:\Program Files (x86)\MiKTeX 2.9\tex\latex\bigfoot\suffix.sty"
Package: suffix 2006/07/15 1.5 Variant command support
)
("C:\Program Files (x86)\MiKTeX 2.9\tex\latex\xstring\xstring.sty"
("C:\Program Files (x86)\MiKTeX 2.9\tex\generic\xstring\xstring.tex"
\@xs@message=\write5
\integerpart=\count135
\decimalpart=\count136
)
Package: xstring 2013/10/13  v1.7c  String manipulations (C Tellechea)
)
\AC@clearlist=\toks39
)
("C:\Program Files (x86)\MiKTeX 2.9\tex\latex\hyperref\hyperref.sty"
Package: hyperref 2012/11/06 v6.83m Hypertext links for LaTeX

("C:\Program Files (x86)\MiKTeX 2.9\tex\generic\oberdiek\hobsub-hyperref.sty"
Package: hobsub-hyperref 2012/04/25 v1.12 Bundle oberdiek, subset hyperref (HO)


("C:\Program Files (x86)\MiKTeX 2.9\tex\generic\oberdiek\hobsub-generic.sty"
Package: hobsub-generic 2012/04/25 v1.12 Bundle oberdiek, subset generic (HO)
Package: hobsub 2012/04/25 v1.12 Construct package bundles (HO)
Package hobsub Info: Skipping package `infwarerr' (already loaded).
Package hobsub Info: Skipping package `ltxcmds' (already loaded).
Package hobsub Info: Skipping package `ifluatex' (already loaded).
Package hobsub Info: Skipping package `ifvtex' (already loaded).
Package: intcalc 2007/09/27 v1.1 Expandable calculations with integers (HO)
Package hobsub Info: Skipping package `ifpdf' (already loaded).
Package hobsub Info: Skipping package `etexcmds' (already loaded).
Package hobsub Info: Skipping package `kvsetkeys' (already loaded).
Package: kvdefinekeys 2011/04/07 v1.3 Define keys (HO)
Package: pdftexcmds 2011/11/29 v0.20 Utility functions of pdfTeX for LuaTeX (HO
)
Package pdftexcmds Info: LuaTeX not detected.
Package pdftexcmds Info: \pdf@primitive is available.
Package pdftexcmds Info: \pdf@ifprimitive is available.
Package pdftexcmds Info: \pdfdraftmode found.
Package: pdfescape 2011/11/25 v1.13 Implements pdfTeX's escape features (HO)
Package: bigintcalc 2012/04/08 v1.3 Expandable calculations on big integers (HO
)
Package: bitset 2011/01/30 v1.1 Handle bit-vector datatype (HO)
Package: uniquecounter 2011/01/30 v1.2 Provide unlimited unique counter (HO)
)
Package hobsub Info: Skipping package `hobsub' (already loaded).
Package: letltxmacro 2010/09/02 v1.4 Let assignment for LaTeX macros (HO)
Package: hopatch 2011/06/24 v1.1 Wrapper for package hooks (HO)
Package: xcolor-patch 2011/01/30 xcolor patch
Package: atveryend 2011/06/30 v1.8 Hooks at the very end of document (HO)
Package atveryend Info: \AP@enddocument detected (standard20110627).
Package: atbegshi 2011/10/05 v1.16 At begin shipout hook (HO)
Package: refcount 2011/10/16 v3.4 Data extraction from label references (HO)
Package: hycolor 2011/01/30 v1.7 Color options for hyperref/bookmark (HO)
)
("C:\Program Files (x86)\MiKTeX 2.9\tex\latex\oberdiek\auxhook.sty"
Package: auxhook 2011/03/04 v1.3 Hooks for auxiliary files (HO)
)
\@linkdim=\dimen186
\Hy@linkcounter=\count137
\Hy@pagecounter=\count138

("C:\Program Files (x86)\MiKTeX 2.9\tex\latex\hyperref\pd1enc.def"
File: pd1enc.def 2012/11/06 v6.83m Hyperref: PDFDocEncoding definition (HO)
)
\Hy@SavedSpaceFactor=\count139

("C:\Program Files (x86)\MiKTeX 2.9\tex\latex\00miktex\hyperref.cfg"
File: hyperref.cfg 2002/06/06 v1.2 hyperref configuration of TeXLive
)
Package hyperref Info: Hyper figures OFF on input line 4443.
Package hyperref Info: Link nesting OFF on input line 4448.
Package hyperref Info: Hyper index ON on input line 4451.
Package hyperref Info: Plain pages OFF on input line 4458.
Package hyperref Info: Backreferencing OFF on input line 4463.
Package hyperref Info: Implicit mode ON; LaTeX internals redefined.
Package hyperref Info: Bookmarks ON on input line 4688.
\c@Hy@tempcnt=\count140

("C:\Program Files (x86)\MiKTeX 2.9\tex\latex\ltxmisc\url.sty"
\Urlmuskip=\muskip11
Package: url 2006/04/12  ver 3.3  Verb mode for urls, etc.
)
LaTeX Info: Redefining \url on input line 5041.
\XeTeXLinkMargin=\dimen187
\Fld@menulength=\count141
\Field@Width=\dimen188
\Fld@charsize=\dimen189
Package hyperref Info: Hyper figures OFF on input line 6295.
Package hyperref Info: Link nesting OFF on input line 6300.
Package hyperref Info: Hyper index ON on input line 6303.
Package hyperref Info: backreferencing OFF on input line 6310.
Package hyperref Info: Link coloring OFF on input line 6315.
Package hyperref Info: Link coloring with OCG OFF on input line 6320.
Package hyperref Info: PDF/A mode OFF on input line 6325.
LaTeX Info: Redefining \ref on input line 6365.
LaTeX Info: Redefining \pageref on input line 6369.
\Hy@abspage=\count142
\c@Item=\count143
\c@Hfootnote=\count144
)

Package hyperref Message: Driver (autodetected): hpdftex.

("C:\Program Files (x86)\MiKTeX 2.9\tex\latex\hyperref\hpdftex.def"
File: hpdftex.def 2012/11/06 v6.83m Hyperref driver for pdfTeX
\Fld@listcount=\count145
\c@bookmark@seq@number=\count146

("C:\Program Files (x86)\MiKTeX 2.9\tex\latex\oberdiek\rerunfilecheck.sty"
Package: rerunfilecheck 2011/04/15 v1.7 Rerun checks for auxiliary files (HO)
Package uniquecounter Info: New unique counter `rerunfilecheck' on input line 2
82.
)
\Hy@SectionHShift=\skip59
)
("C:\Users\Inge Nikolai\Master-thesis\Master_thesis_Inge_Nikolai_Torsvik.aux"
("C:\Users\Inge Nikolai\Master-thesis\acronyms.aux"))
LaTeX Font Info:    Checking defaults for OML/cmm/m/it on input line 67.
LaTeX Font Info:    ... okay on input line 67.
LaTeX Font Info:    Checking defaults for T1/cmr/m/n on input line 67.
LaTeX Font Info:    ... okay on input line 67.
LaTeX Font Info:    Checking defaults for OT1/cmr/m/n on input line 67.
LaTeX Font Info:    ... okay on input line 67.
LaTeX Font Info:    Checking defaults for OMS/cmsy/m/n on input line 67.
LaTeX Font Info:    ... okay on input line 67.
LaTeX Font Info:    Checking defaults for OMX/cmex/m/n on input line 67.
LaTeX Font Info:    ... okay on input line 67.
LaTeX Font Info:    Checking defaults for U/cmr/m/n on input line 67.
LaTeX Font Info:    ... okay on input line 67.
LaTeX Font Info:    Checking defaults for TS1/cmr/m/n on input line 67.
LaTeX Font Info:    Try loading font information for TS1+cmr on input line 67.

("C:\Program Files (x86)\MiKTeX 2.9\tex\latex\base\ts1cmr.fd"
File: ts1cmr.fd 1999/05/25 v2.5h Standard LaTeX font definitions
)
LaTeX Font Info:    ... okay on input line 67.
LaTeX Font Info:    Checking defaults for PD1/pdf/m/n on input line 67.
LaTeX Font Info:    ... okay on input line 67.

*geometry* detected driver: dvips
*geometry* verbose mode - [ preamble ] result:
* driver: dvips
* paper: a4paper
* layout: <same size as paper>
* layoutoffset:(h,v)=(0.0pt,0.0pt)
* modes: 
* h-part:(L,W,R)=(85.35826pt, 426.79135pt, 85.35826pt)
* v-part:(T,H,B)=(85.35826pt, 674.33032pt, 85.35826pt)
* \paperwidth=597.50787pt
* \paperheight=845.04684pt
* \textwidth=426.79135pt
* \textheight=674.33032pt
* \oddsidemargin=13.08827pt
* \evensidemargin=13.08827pt
* \topmargin=-23.91173pt
* \headheight=12.0pt
* \headsep=25.0pt
* \topskip=12.0pt
* \footskip=28.45274pt
* \marginparwidth=44.0pt
* \marginparsep=10.0pt
* \columnsep=10.0pt
* \skip\footins=10.8pt plus 4.0pt minus 2.0pt
* \hoffset=0.0pt
* \voffset=0.0pt
* \mag=1000
* \@twocolumnfalse
* \@twosidefalse
* \@mparswitchfalse
* \@reversemarginfalse
* (1in=72.27pt=25.4mm, 1cm=28.453pt)

("C:\Program Files (x86)\MiKTeX 2.9\tex\context\base\supp-pdf.mkii"
[Loading MPS to PDF converter (version 2006.09.02).]
\scratchcounter=\count147
\scratchdimen=\dimen190
\scratchbox=\box51
\nofMPsegments=\count148
\nofMParguments=\count149
\everyMPshowfont=\toks40
\MPscratchCnt=\count150
\MPscratchDim=\dimen191
\MPnumerator=\count151
\makeMPintoPDFobject=\count152
\everyMPtoPDFconversion=\toks41
)
Package caption Info: Begin \AtBeginDocument code.
Package caption Info: subfig package v1.3 is loaded.
Package caption Info: float package is loaded.
Package caption Info: hyperref package is loaded.
Package caption Info: threeparttable package is loaded.
Package caption Info: wrapfig package is loaded.
Package caption Info: End \AtBeginDocument code.

! Undefined control sequence.
<argument> \sf@counterlist 
                           
l.67 \begin{document}
                     
The control sequence at the end of the top line
of your error message was never \def'ed. If you have
misspelled it (e.g., `\hobx'), type `I' and the correct
spelling (e.g., `I\hbox'). Otherwise just continue,
and I'll forget about whatever was undefined.

\AtBeginShipoutBox=\box52
Package hyperref Info: Link coloring OFF on input line 67.
("C:\Program Files (x86)\MiKTeX 2.9\tex\latex\hyperref\nameref.sty"
Package: nameref 2012/10/27 v2.43 Cross-referencing by name of section

("C:\Program Files (x86)\MiKTeX 2.9\tex\generic\oberdiek\gettitlestring.sty"
Package: gettitlestring 2010/12/03 v1.4 Cleanup title references (HO)
)
\c@section@level=\count153
)
LaTeX Info: Redefining \ref on input line 67.
LaTeX Info: Redefining \pageref on input line 67.
LaTeX Info: Redefining \nameref on input line 67.

("C:\Users\Inge Nikolai\Master-thesis\Master_thesis_Inge_Nikolai_Torsvik.out")
("C:\Users\Inge Nikolai\Master-thesis\Master_thesis_Inge_Nikolai_Torsvik.out")
\@outlinefile=\write6

<uiblogo.pdf, id=211, 1988.42876pt x 1968.35374pt>
File: uiblogo.pdf Graphic file (type pdf)
 <use uiblogo.pdf>
Package pdftex.def Info: uiblogo.pdf used on input line 83.
(pdftex.def)             Requested size: 113.80887pt x 113.80118pt.
 [1
Non-PDF special ignored!

{C:/ProgramData/MiKTeX/2.9/pdftex/config/pdftex.map} <C:/Users/Inge Nikolai/Mas
ter-thesis/uiblogo.pdf>]pdfTeX warning (ext4): destination with the same identi
fier (name{page.1}) has been already used, duplicate ignored
<to be read again> 
                   \relax 
l.97 \blankpage
                [1]pdfTeX warning (ext4): destination with the same identifier 
(name{page.1}) has been already used, duplicate ignored
<to be read again> 
                   \relax 
l.106 \newpage
               [1] [2] ("C:\Users\Inge Nikolai\Master-thesis\acronyms.tex")
[3

]
Package acronym Info: Label `acro:CERN' newly defined as it shall be overridden

although it is yet undefined on input line 117.
Package acronym Info: Label `acro:LHC' newly defined as it shall be overridden
although it is yet undefined on input line 117.
Package acronym Info: Label `acro:ALICE' newly defined as it shall be overridde
n
although it is yet undefined on input line 118.
Package acronym Info: Label `acro:UiB' newly defined as it shall be overridden
although it is yet undefined on input line 120.
Package acronym Info: Label `acro:RCU' newly defined as it shall be overridden
although it is yet undefined on input line 121.
Package acronym Info: Label `acro:RCU2' newly defined as it shall be overridden

although it is yet undefined on input line 121.
Package acronym Info: Label `acro:IC' newly defined as it shall be overridden
although it is yet undefined on input line 122.
 [4

]
Package acronym Info: Label `acro:PCB' newly defined as it shall be overridden
although it is yet undefined on input line 140.
Package acronym Info: Label `acro:DAQ' newly defined as it shall be overridden
although it is yet undefined on input line 140.
Package acronym Info: Label `acro:NI' newly defined as it shall be overridden
although it is yet undefined on input line 140.
Package acronym Info: Label `acro:SF2' newly defined as it shall be overridden
although it is yet undefined on input line 141.
Package acronym Info: Label `acro:SOC' newly defined as it shall be overridden
although it is yet undefined on input line 141.
Package acronym Info: Label `acro:FPGA' newly defined as it shall be overridden

although it is yet undefined on input line 141.
 [5]
LaTeX Font Info:    Try loading font information for OMS+cmr on input line 160.

 ("C:\Program Files (x86)\MiKTeX 2.9\tex\latex\base\omscmr.fd"
File: omscmr.fd 1999/05/25 v2.5h Standard LaTeX font definitions
)
LaTeX Font Info:    Font shape `OMS/cmr/m/n' in size <12> not available
(Font)              Font shape `OMS/cmsy/m/n' tried instead on input line 160.

[6]
Overfull \hbox (17.00053pt too wide) in paragraph at lines 210--211
[]\OT1/cmr/m/n/12 The clas-si-cal ex-pres-sion that de-scribe the stop-ping pow
er is the $[]$,
 []

[7]

LaTeX Warning: Reference `energy_loss' on page 8 undefined on input line 243.

Package acronym Info: Label `acro:LET' newly defined as it shall be overridden
although it is yet undefined on input line 249.
[8] [9] [10] <TPS51200_sch.png, id=402, 855.94781pt x 310.15875pt>
File: TPS51200_sch.png Graphic file (type png)

<use TPS51200_sch.png>
Package pdftex.def Info: TPS51200_sch.png used on input line 316.
(pdftex.def)             Requested size: 426.79135pt x 154.64832pt.
 <MIC_sch.png, id=410, 700.86844pt x 276.28218pt>
File: MIC_sch.png Graphic file (type png)

<use MIC_sch.png>
Package pdftex.def Info: MIC_sch.png used on input line 341.
(pdftex.def)             Requested size: 426.79135pt x 168.24521pt.
 [11 <C:/Users/Inge Nikolai/Master-thesis/TPS51200_sch.png>]
<SN74AVCB164245_sch.png, id=423, 604.50844pt x 533.74406pt>
File: SN74AVCB164245_sch.png Graphic file (type png)

<use SN74AVCB164245_sch.png>
Package pdftex.def Info: SN74AVCB164245_sch.png used on input line 361.
(pdftex.def)             Requested size: 426.79135pt x 376.82713pt.
 [12 <C:/Users/Inge Nikolai/Master-thesis/MIC_sch.png>] [13 <C:/Users/Inge Niko
lai/Master-thesis/SN74AVCB164245_sch.png>]
Package acronym Info: Label `acro:SPI' newly defined as it shall be overridden
although it is yet undefined on input line 369.

<SN74AVC2T245_sch.png, id=437, 694.84593pt x 509.65407pt>
File: SN74AVC2T245_sch.png Graphic file (type png)

<use SN74AVC2T245_sch.png>
Package pdftex.def Info: SN74AVC2T245_sch.png used on input line 377.
(pdftex.def)             Requested size: 426.79135pt x 313.03488pt.
Package acronym Info: Label `acro:JTAG' newly defined as it shall be overridden

although it is yet undefined on input line 384.
 [14 <C:/Users/Inge Nikolai/Master-thesis/SN74AVC2T245_sch.png>] <QS3VH257_sch.
png, id=448, 737.00343pt x 437.38406pt>
File: QS3VH257_sch.png Graphic file (type png)

<use QS3VH257_sch.png>
Package pdftex.def Info: QS3VH257_sch.png used on input line 391.
(pdftex.def)             Requested size: 426.79135pt x 253.28249pt.
Package acronym Info: Label `acro:LVPECL' newly defined as it shall be overridd
en
although it is yet undefined on input line 398.
 <SY89831U_sch.png, id=454, 730.22812pt x 564.60938pt>
File: SY89831U_sch.png Graphic file (type png)

<use SY89831U_sch.png>
Package pdftex.def Info: SY89831U_sch.png used on input line 409.
(pdftex.def)             Requested size: 426.79135pt x 329.9893pt.
 [15 <C:/Users/Inge Nikolai/Master-thesis/QS3VH257_sch.png>] [16 <C:/Users/Inge
 Nikolai/Master-thesis/SY89831U_sch.png>]
Package acronym Info: Label `acro:LVDS' newly defined as it shall be overridden

although it is yet undefined on input line 417.
Package acronym Info: Label `acro:CML' newly defined as it shall be overridden
although it is yet undefined on input line 418.

<MAX3748_sch.png, id=473, 712.16063pt x 304.88907pt>
File: MAX3748_sch.png Graphic file (type png)
 <use MAX3748_sch.png>
Package pdftex.def Info: MAX3748_sch.png used on input line 427.
(pdftex.def)             Requested size: 426.79135pt x 182.71619pt.

<ADN2814_sch.png, id=474, 743.02594pt x 356.83313pt>
File: ADN2814_sch.png Graphic file (type png)
 <use ADN2814_sch.png>
Package pdftex.def Info: ADN2814_sch.png used on input line 434.
(pdftex.def)             Requested size: 426.79135pt x 204.9651pt.

[17 <C:/Users/Inge Nikolai/Master-thesis/MAX3748_sch.png>]
<PCB_board1.png, id=483, 592.46344pt x 407.27156pt>
File: PCB_board1.png Graphic file (type png)
 <use PCB_board1.png>
Package pdftex.def Info: PCB_board1.png used on input line 442.
(pdftex.def)             Requested size: 426.79135pt x 293.39687pt.

<PCB_board2.png, id=484, 715.92468pt x 407.27156pt>
File: PCB_board2.png Graphic file (type png)
 <use PCB_board2.png>
Package pdftex.def Info: PCB_board2.png used on input line 449.
(pdftex.def)             Requested size: 426.79135pt x 242.79256pt.

<PCB_board3.png, id=485, 480.29437pt x 407.27156pt>
File: PCB_board3.png Graphic file (type png)
 <use PCB_board3.png>
Package pdftex.def Info: PCB_board3.png used on input line 456.
(pdftex.def)             Requested size: 426.79135pt x 361.91124pt.

[18 <C:/Users/Inge Nikolai/Master-thesis/ADN2814_sch.png> <C:/Users/Inge Nikola
i/Master-thesis/PCB_board1.png>]
<labVIEW.jpg, id=496, 800.9925pt x 446.41782pt>
File: labVIEW.jpg Graphic file (type jpg)
 <use labVIEW.jpg>
Package pdftex.def Info: labVIEW.jpg used on input line 469.
(pdftex.def)             Requested size: 426.79135pt x 237.8673pt.

<vhdl_adn.png, id=502, 1382.91656pt x 604.50844pt>
File: vhdl_adn.png Graphic file (type png)
 <use vhdl_adn.png>
Package pdftex.def Info: vhdl_adn.png used on input line 482.
(pdftex.def)             Requested size: 640.18703pt x 279.84827pt.
 [19 <C:/Users/Inge Nikolai/Master-thesis/PCB_board2.png>] [20 <C:/Users/Inge N
ikolai/Master-thesis/PCB_board3.png>] [21 <C:/Users/Inge Nikolai/Master-thesis/
labVIEW.jpg>] [22 <C:/Users/Inge Nikolai/Master-thesis/vhdl_adn.png>]
Package acronym Info: Label `acro:OCL' newly defined as it shall be overridden
although it is yet undefined on input line 489.

<OCL.png, id=527, 638.385pt x 536.0025pt>
File: OCL.png Graphic file (type png)
 <use OCL.png>
Package pdftex.def Info: OCL.png used on input line 507.
(pdftex.def)             Requested size: 227.61696pt x 199.1684pt.
 [23

 <C:/Users/Inge Nikolai/Master-thesis/OCL.png>]
<experiment_setup.jpg, id=539, 395.22656pt x 207.02344pt>
File: experiment_setup.jpg Graphic file (type jpg)

<use experiment_setup.jpg>
Package pdftex.def Info: experiment_setup.jpg used on input line 535.
(pdftex.def)             Requested size: 213.39568pt x 111.77834pt.

<experiment_area.jpg, id=540, 3661.68pt x 2746.26pt>
File: experiment_area.jpg Graphic file (type jpg)
 <use experiment_area.jpg>
Package pdftex.def Info: experiment_area.jpg used on input line 544.
(pdftex.def)             Requested size: 426.79135pt x 320.06656pt.

[24 <C:/Users/Inge Nikolai/Master-thesis/experiment_setup.jpg> <C:/Users/Inge N
ikolai/Master-thesis/experiment_area.jpg>]
Package acronym Info: Label `acro:DUT' newly defined as it shall be overridden
although it is yet undefined on input line 555.

Underfull \hbox (badness 10000) in paragraph at lines 557--557
[]|\OT1/cmr/m/n/12 TPS51200, MIC69302WU, SN74AVCB164245,
 []

Package acronym Info: Label `acro:SRAM' newly defined as it shall be overridden

although it is yet undefined on input line 558.
Package acronym Info: Label `acro:SEE' newly defined as it shall be overridden
although it is yet undefined on input line 574.
Package acronym Info: Label `acro:SEU' newly defined as it shall be overridden
although it is yet undefined on input line 574.
[25] <SRAM_flowchart.png, id=576, 256.70906pt x 567.62062pt>
File: SRAM_flowchart.png Graphic file (type png)

<use SRAM_flowchart.png>
Package pdftex.def Info: SRAM_flowchart.png used on input line 596.
(pdftex.def)             Requested size: 113.81017pt x 227.62451pt.
 <SRAM_labview.png, id=581, 986.18437pt x 610.53094pt>
File: SRAM_labview.png Graphic file (type png)

<use SRAM_labview.png>
Package pdftex.def Info: SRAM_labview.png used on input line 605.
(pdftex.def)             Requested size: 426.79135pt x 264.21869pt.
 [26 <C:/Users/Inge Nikolai/Master-thesis/SRAM_flowchart.png>]
Package acronym Info: Label `acro:PM-tube' newly defined as it shall be overrid
den
although it is yet undefined on input line 615.
 [27 <C:/Users/Inge Nikolai/Master-thesis/SRAM_labview.png>]
<XY_front.jpg, id=602, 3661.68pt x 2746.26pt>
File: XY_front.jpg Graphic file (type jpg)
 <use XY_front.jpg>
Package pdftex.def Info: XY_front.jpg used on input line 628.
(pdftex.def)             Requested size: 209.1301pt x 156.80663pt.

<XY_back.jpg, id=603, 3661.68pt x 2746.26pt>
File: XY_back.jpg Graphic file (type jpg)
 <use XY_back.jpg>
Package pdftex.def Info: XY_back.jpg used on input line 633.
(pdftex.def)             Requested size: 209.1301pt x 156.80663pt.
 [28 <C:/Users/Inge Nikolai/Master-thesis/XY_front.jpg> <C:/Users/Inge Nikolai/
Master-thesis/XY_back.jpg>] [29] [30]
Overfull \hbox (61.0887pt too wide) in paragraph at lines 668--673
\OT1/cmr/m/n/12 tested the first time are: $\OML/cmm/m/it/12 TPS\OT1/cmr/m/n/12
 51200[]\OML/cmm/m/it/12 ; MIC\OT1/cmr/m/n/12 69302\OML/cmm/m/it/12 WU[]; SN\OT
1/cmr/m/n/12 74\OML/cmm/m/it/12 AVCB\OT1/cmr/m/n/12 164245[]\OML/cmm/m/it/12 ; 
SN\OT1/cmr/m/n/12 74\OML/cmm/m/it/12 AVC\OT1/cmr/m/n/12 2\OML/cmm/m/it/12 T\OT1
/cmr/m/n/12 245[]\OML/cmm/m/it/12 ;$
 []


Overfull \hbox (191.72568pt too wide) in paragraph at lines 668--673
$\OML/cmm/m/it/12 ADN\OT1/cmr/m/n/12 2814\OML/cmm/m/it/12 ; MAX\OT1/cmr/m/n/12 
3748\OML/cmm/m/it/12 ; SY\OT1/cmr/m/n/12 89831\OML/cmm/m/it/12 U[]; TPS\OT1/cmr
/m/n/12 51200[]\OML/cmm/m/it/12 ; MIC\OT1/cmr/m/n/12 69302\OML/cmm/m/it/12 WU[]
; SN\OT1/cmr/m/n/12 74\OML/cmm/m/it/12 AVCB\OT1/cmr/m/n/12 164245[]\OML/cmm/m/i
t/12 ; SN\OT1/cmr/m/n/12 74\OML/cmm/m/it/12 AVC\OT1/cmr/m/n/12 2\OML/cmm/m/it/1
2 T\OT1/cmr/m/n/12 245[]\OML/cmm/m/it/12 ; QS\OT1/cmr/m/n/12 3\OML/cmm/m/it/12 
VH\OT1/cmr/m/n/12 257[]$.
 []

[31] <flux_all_test1.jpg, id=656, 1172.12906pt x 641.39626pt>
File: flux_all_test1.jpg Graphic file (type jpg)

<use flux_all_test1.jpg>
Package pdftex.def Info: flux_all_test1.jpg used on input line 750.
(pdftex.def)             Requested size: 426.79135pt x 233.53514pt.

<Flux_vs_time_all.jpg, id=657, 1172.88188pt x 644.4075pt>
File: Flux_vs_time_all.jpg Graphic file (type jpg)

<use Flux_vs_time_all.jpg>
Package pdftex.def Info: Flux_vs_time_all.jpg used on input line 757.
(pdftex.def)             Requested size: 426.79135pt x 234.48407pt.
 [32] [33 <C:/Users/Inge Nikolai/Master-thesis/flux_all_test1.jpg> <C:/Users/In
ge Nikolai/Master-thesis/Flux_vs_time_all.jpg>]
<current_voltage_tps.jpg, id=672, 563.10374pt x 421.575pt>
File: current_voltage_tps.jpg Graphic file (type jpg)

<use current_voltage_tps.jpg>
Package pdftex.def Info: current_voltage_tps.jpg used on input line 776.
(pdftex.def)             Requested size: 209.1301pt x 156.56567pt.

<current_voltage_mic.jpg, id=676, 563.10374pt x 421.575pt>
File: current_voltage_mic.jpg Graphic file (type jpg)

<use current_voltage_mic.jpg>
Package pdftex.def Info: current_voltage_mic.jpg used on input line 793.
(pdftex.def)             Requested size: 209.1301pt x 156.56567pt.

<current_volt_dose_MIC.jpg, id=677, 563.10374pt x 421.575pt>
File: current_volt_dose_MIC.jpg Graphic file (type jpg)

<use current_volt_dose_MIC.jpg>
Package pdftex.def Info: current_volt_dose_MIC.jpg used on input line 799.
(pdftex.def)             Requested size: 209.1301pt x 156.56567pt.
 [34 <C:/Users/Inge Nikolai/Master-thesis/current_voltage_tps.jpg>] <current_42
45.jpg, id=684, 563.10374pt x 421.575pt>
File: current_4245.jpg Graphic file (type jpg)

<use current_4245.jpg>
Package pdftex.def Info: current_4245.jpg used on input line 818.
(pdftex.def)             Requested size: 209.1301pt x 156.56567pt.

<current_dose_42452.jpg, id=685, 563.10374pt x 421.575pt>
File: current_dose_42452.jpg Graphic file (type jpg)

<use current_dose_42452.jpg>
Package pdftex.def Info: current_dose_42452.jpg used on input line 824.
(pdftex.def)             Requested size: 209.1301pt x 156.56567pt.
 [35 <C:/Users/Inge Nikolai/Master-thesis/current_voltage_mic.jpg> <C:/Users/In
ge Nikolai/Master-thesis/current_volt_dose_MIC.jpg> <C:/Users/Inge Nikolai/Mast
er-thesis/current_4245.jpg> <C:/Users/Inge Nikolai/Master-thesis/current_dose_4
2452.jpg>]
<current_t245.jpg, id=692, 563.10374pt x 421.575pt>
File: current_t245.jpg Graphic file (type jpg)
 <use current_t245.jpg>
Package pdftex.def Info: current_t245.jpg used on input line 843.
(pdftex.def)             Requested size: 209.1301pt x 156.56567pt.

<current_dose_t2452.jpg, id=693, 563.10374pt x 421.575pt>
File: current_dose_t2452.jpg Graphic file (type jpg)

<use current_dose_t2452.jpg>
Package pdftex.def Info: current_dose_t2452.jpg used on input line 849.
(pdftex.def)             Requested size: 209.1301pt x 156.56567pt.
 <current_q.jpg, id=694, 563.10374pt x 421.575pt>
File: current_q.jpg Graphic file (type jpg)

<use current_q.jpg>
Package pdftex.def Info: current_q.jpg used on input line 868.
(pdftex.def)             Requested size: 209.1301pt x 156.56567pt.
 <current_dose_q2.jpg, id=695, 563.10374pt x 421.575pt>
File: current_dose_q2.jpg Graphic file (type jpg)

<use current_dose_q2.jpg>
Package pdftex.def Info: current_dose_q2.jpg used on input line 874.
(pdftex.def)             Requested size: 209.1301pt x 156.56567pt.
 [36 <C:/Users/Inge Nikolai/Master-thesis/current_t245.jpg> <C:/Users/Inge Niko
lai/Master-thesis/current_dose_t2452.jpg> <C:/Users/Inge Nikolai/Master-thesis/
current_q.jpg> <C:/Users/Inge Nikolai/Master-thesis/current_dose_q2.jpg>] <curr
ent_sy.jpg, id=704, 563.10374pt x 421.575pt>
File: current_sy.jpg Graphic file (type jpg)

<use current_sy.jpg>
Package pdftex.def Info: current_sy.jpg used on input line 893.
(pdftex.def)             Requested size: 209.1301pt x 156.56567pt.
 <current_dose_SY2.jpg, id=705, 563.10374pt x 421.575pt>
File: current_dose_SY2.jpg Graphic file (type jpg)

<use current_dose_SY2.jpg>
Package pdftex.def Info: current_dose_SY2.jpg used on input line 899.
(pdftex.def)             Requested size: 209.1301pt x 156.56567pt.
Package acronym Info: Label `acro:UART' newly defined as it shall be overridden

although it is yet undefined on input line 913.
 [37 <C:/Users/Inge Nikolai/Master-thesis/current_sy.jpg> <C:/Users/Inge Nikola
i/Master-thesis/current_dose_SY2.jpg>]
<current_dose_ADN_t1.jpg, id=716, 563.10374pt x 421.575pt>
File: current_dose_ADN_t1.jpg Graphic file (type jpg)

<use current_dose_ADN_t1.jpg>
Package pdftex.def Info: current_dose_ADN_t1.jpg used on input line 924.
(pdftex.def)             Requested size: 209.1301pt x 156.56567pt.

<current_dose_ADN_t2.jpg, id=717, 563.10374pt x 421.575pt>
File: current_dose_ADN_t2.jpg Graphic file (type jpg)

<use current_dose_ADN_t2.jpg>
Package pdftex.def Info: current_dose_ADN_t2.jpg used on input line 930.
(pdftex.def)             Requested size: 209.1301pt x 156.56567pt.

<error_dose_ADN_t1.jpg, id=718, 563.10374pt x 421.575pt>
File: error_dose_ADN_t1.jpg Graphic file (type jpg)

<use error_dose_ADN_t1.jpg>
Package pdftex.def Info: error_dose_ADN_t1.jpg used on input line 941.
(pdftex.def)             Requested size: 209.1301pt x 156.56567pt.

<error_dose_ADN_t2.jpg, id=719, 563.10374pt x 421.575pt>
File: error_dose_ADN_t2.jpg Graphic file (type jpg)

<use error_dose_ADN_t2.jpg>
Package pdftex.def Info: error_dose_ADN_t2.jpg used on input line 947.
(pdftex.def)             Requested size: 209.1301pt x 156.56567pt.
 [38 <C:/Users/Inge Nikolai/Master-thesis/current_dose_ADN_t1.jpg> <C:/Users/In
ge Nikolai/Master-thesis/current_dose_ADN_t2.jpg> <C:/Users/Inge Nikolai/Master
-thesis/error_dose_ADN_t1.jpg> <C:/Users/Inge Nikolai/Master-thesis/error_dose_
ADN_t2.jpg>]
<current_dose_MAX.jpg, id=727, 563.10374pt x 421.575pt>
File: current_dose_MAX.jpg Graphic file (type jpg)

<use current_dose_MAX.jpg>
Package pdftex.def Info: current_dose_MAX.jpg used on input line 966.
(pdftex.def)             Requested size: 209.1301pt x 156.56567pt.

<error_dose_MAX.jpg, id=728, 563.10374pt x 421.575pt>
File: error_dose_MAX.jpg Graphic file (type jpg)
 <use error_dose_MAX.jpg>
Package pdftex.def Info: error_dose_MAX.jpg used on input line 972.
(pdftex.def)             Requested size: 209.1301pt x 156.56567pt.

[39 <C:/Users/Inge Nikolai/Master-thesis/current_dose_MAX.jpg> <C:/Users/Inge N
ikolai/Master-thesis/error_dose_MAX.jpg>] [40] [41] [42] [43] [44]
("C:\Users\Inge Nikolai\Master-thesis\Master_thesis_Inge_Nikolai_Torsvik.bbl")
Package atveryend Info: Empty hook `BeforeClearDocument' on input line 1134.

[45]
Package atveryend Info: Empty hook `AfterLastShipout' on input line 1134.

("C:\Users\Inge Nikolai\Master-thesis\Master_thesis_Inge_Nikolai_Torsvik.aux"
("C:\Users\Inge Nikolai\Master-thesis\acronyms.aux"))
Package atveryend Info: Executing hook `AtVeryEndDocument' on input line 1134.
Package atveryend Info: Executing hook `AtEndAfterFileList' on input line 1134.

Package rerunfilecheck Info: File `Master_thesis_Inge_Nikolai_Torsvik.out' has 
not changed.
(rerunfilecheck)             Checksum: 7BE885079F711072023BAC89121813E3;3750.


LaTeX Warning: There were undefined references.


LaTeX Warning: Label(s) may have changed. Rerun to get cross-references right.

Package atveryend Info: Empty hook `AtVeryVeryEnd' on input line 1134.
 ) 
Here is how much of TeX's memory you used:
 11615 strings out of 493921
 177925 string characters out of 3144856
 284677 words of memory out of 3000000
 14431 multiletter control sequences out of 15000+200000
 12428 words of font info for 43 fonts, out of 3000000 for 9000
 841 hyphenation exceptions out of 8191
 51i,11n,73p,800b,558s stack positions out of 5000i,500n,10000p,200000b,50000s
<C:/Program Files (x86)/MiKTeX 2.9/fonts/type1/public/amsfonts/cm/cmbx12.pfb>
<C:/Program Files (x86)/MiKTeX 2.9/fonts/type1/public/amsfonts/cm/cmbxsl10.pfb>
<C:/Program Files (x86)/MiKTeX 2.9/fonts/type1/public/amsfonts/cm/cmex10.pfb><C
:/Program Files (x86)/MiKTeX 2.9/fonts/type1/public/amsfonts/cm/cmmi12.pfb><C:/
Program Files (x86)/MiKTeX 2.9/fonts/type1/public/amsfonts/cm/cmmi8.pfb><C:/Pro
gram Files (x86)/MiKTeX 2.9/fonts/type1/public/amsfonts/cm/cmr10.pfb><C:/Progra
m Files (x86)/MiKTeX 2.9/fonts/type1/public/amsfonts/cm/cmr12.pfb><C:/Program F
iles (x86)/MiKTeX 2.9/fonts/type1/public/amsfonts/cm/cmr6.pfb><C:/Program Files
 (x86)/MiKTeX 2.9/fonts/type1/public/amsfonts/cm/cmr8.pfb><C:/Program Files (x8
6)/MiKTeX 2.9/fonts/type1/public/amsfonts/cm/cmsl12.pfb><C:/Program Files (x86)
/MiKTeX 2.9/fonts/type1/public/amsfonts/cm/cmssbx10.pfb><C:/Program Files (x86)
/MiKTeX 2.9/fonts/type1/public/amsfonts/cm/cmsy10.pfb><C:/Program Files (x86)/M
iKTeX 2.9/fonts/type1/public/amsfonts/cm/cmsy8.pfb><C:/Program Files (x86)/MiKT
eX 2.9/fonts/type1/public/amsfonts/cm/cmti12.pfb><C:/Program Files (x86)/MiKTeX
 2.9/fonts/type1/public/amsfonts/euler/eurm10.pfb>
Output written on Master_thesis_Inge_Nikolai_Torsvik.pdf (47 pages, 18029606 by
tes).
PDF statistics:
 876 PDF objects out of 1000 (max. 8388607)
 210 named destinations out of 1000 (max. 500000)
 617 words of extra memory for PDF output out of 10000 (max. 10000000)

