\BOOKMARK [1][-]{section.1}{Abstract}{}% 1
\BOOKMARK [1][-]{section.2}{Contents}{}% 2
\BOOKMARK [1][-]{section.3}{Acronyms}{}% 3
\BOOKMARK [1][-]{section.4}{Introduction}{}% 4
\BOOKMARK [2][-]{subsection.4.1}{How to test}{section.4}% 5
\BOOKMARK [2][-]{subsection.4.2}{About this work}{section.4}% 6
\BOOKMARK [1][-]{section.5}{The test boards and preparations for testing}{}% 7
\BOOKMARK [2][-]{subsection.5.1}{The test boards}{section.5}% 8
\BOOKMARK [3][-]{subsubsection.5.1.1}{TPS51200}{subsection.5.1}% 9
\BOOKMARK [3][-]{subsubsection.5.1.2}{MIC69302WU}{subsection.5.1}% 10
\BOOKMARK [3][-]{subsubsection.5.1.3}{SN74AVCB16245}{subsection.5.1}% 11
\BOOKMARK [3][-]{subsubsection.5.1.4}{SN74AVC2T245}{subsection.5.1}% 12
\BOOKMARK [3][-]{subsubsection.5.1.5}{QS3VH257}{subsection.5.1}% 13
\BOOKMARK [3][-]{subsubsection.5.1.6}{SY89831U}{subsection.5.1}% 14
\BOOKMARK [3][-]{subsubsection.5.1.7}{ADN2814 and MAX3748}{subsection.5.1}% 15
\BOOKMARK [3][-]{subsubsection.5.1.8}{Software}{subsection.5.1}% 16
\BOOKMARK [3][-]{subsubsection.5.1.9}{SmartFusion2 \(SF2\)}{subsection.5.1}% 17
\BOOKMARK [1][-]{section.6}{Testing at Oslo Cyclotron Laboratory \(OCL\)}{}% 18
\BOOKMARK [2][-]{subsection.6.1}{About OCL}{section.6}% 19
\BOOKMARK [2][-]{subsection.6.2}{Experiment setup and equipment}{section.6}% 20
\BOOKMARK [2][-]{subsection.6.3}{Measurement equipment and test boards}{section.6}% 21
\BOOKMARK [3][-]{subsubsection.6.3.1}{SRAM board}{subsection.6.3}% 22
\BOOKMARK [3][-]{subsubsection.6.3.2}{Scintillator counter}{subsection.6.3}% 23
\BOOKMARK [3][-]{subsubsection.6.3.3}{X-Y-positioning system}{subsection.6.3}% 24
\BOOKMARK [2][-]{subsection.6.4}{Preparation and characterization of the beam}{section.6}% 25
\BOOKMARK [3][-]{subsubsection.6.4.1}{Purpose of tests}{subsection.6.4}% 26
\BOOKMARK [3][-]{subsubsection.6.4.2}{Beam setup}{subsection.6.4}% 27
\BOOKMARK [1][-]{section.7}{Results and calculations from beam test at OCL}{}% 28
\BOOKMARK [2][-]{subsection.7.1}{Calibration process}{section.7}% 29
\BOOKMARK [2][-]{subsection.7.2}{Test results}{section.7}% 30
\BOOKMARK [3][-]{subsubsection.7.2.1}{TPS51200}{subsection.7.2}% 31
\BOOKMARK [3][-]{subsubsection.7.2.2}{MIC69302WU}{subsection.7.2}% 32
\BOOKMARK [3][-]{subsubsection.7.2.3}{SN74AVCB16245}{subsection.7.2}% 33
\BOOKMARK [3][-]{subsubsection.7.2.4}{SN74AVC2T245}{subsection.7.2}% 34
\BOOKMARK [3][-]{subsubsection.7.2.5}{QS3VH257}{subsection.7.2}% 35
\BOOKMARK [3][-]{subsubsection.7.2.6}{SY89831}{subsection.7.2}% 36
\BOOKMARK [3][-]{subsubsection.7.2.7}{ADN2814}{subsection.7.2}% 37
\BOOKMARK [3][-]{subsubsection.7.2.8}{MAX3748}{subsection.7.2}% 38
\BOOKMARK [2][-]{subsection.7.3}{Calculation of dose}{section.7}% 39
\BOOKMARK [2][-]{subsection.7.4}{Discussion of the result}{section.7}% 40
\BOOKMARK [1][-]{section.8}{Conclusion}{}% 41
\BOOKMARK [1][-]{section.9}{Appendix}{}% 42
\BOOKMARK [2][-]{subsection.9.1}{datasheets}{section.9}% 43
