\BOOKMARK [2][-]{subsection.0.1}{How to test}{}% 1
\BOOKMARK [2][-]{subsection.0.2}{About this work}{}% 2
\BOOKMARK [1][-]{section.1}{ALICE experiment}{}% 3
\BOOKMARK [2][-]{subsection.1.1}{The Time Projection Chamber TPC}{section.1}% 4
\BOOKMARK [2][-]{subsection.1.2}{The TPC Front End electronics FEE}{section.1}% 5
\BOOKMARK [3][-]{subsubsection.1.2.1}{Front End Card FEC}{subsection.1.2}% 6
\BOOKMARK [3][-]{subsubsection.1.2.2}{Readout Control Unit RCU}{subsection.1.2}% 7
\BOOKMARK [3][-]{subsubsection.1.2.3}{RCU2}{subsection.1.2}% 8
\BOOKMARK [1][-]{section.2}{Radiation and Radiation effect on Semiconductor devices}{}% 9
\BOOKMARK [2][-]{subsection.2.1}{Interaction of Radiation With Matter}{section.2}% 10
\BOOKMARK [2][-]{subsection.2.2}{Charge particle and their Interaction with Matters}{section.2}% 11
\BOOKMARK [3][-]{subsubsection.2.2.1}{Stopping Power}{subsection.2.2}% 12
\BOOKMARK [3][-]{subsubsection.2.2.2}{Specific Stopping Power}{subsection.2.2}% 13
\BOOKMARK [3][-]{subsubsection.2.2.3}{Linear Energy Transfer \(LET\)}{subsection.2.2}% 14
\BOOKMARK [2][-]{subsection.2.3}{Neutral particle and their Interaction with Matter}{section.2}% 15
\BOOKMARK [3][-]{subsubsection.2.3.1}{Neutrons}{subsection.2.3}% 16
\BOOKMARK [3][-]{subsubsection.2.3.2}{Photons}{subsection.2.3}% 17
\BOOKMARK [2][-]{subsection.2.4}{Radiation Effects on Semiconductor Devices}{section.2}% 18
\BOOKMARK [3][-]{subsubsection.2.4.1}{Single Events Effects SEE}{subsection.2.4}% 19
\BOOKMARK [3][-]{subsubsection.2.4.2}{Accumulative Effects}{subsection.2.4}% 20
\BOOKMARK [3][-]{subsubsection.2.4.3}{the TPC radiation environment}{subsection.2.4}% 21
\BOOKMARK [1][-]{section.3}{The test boards and preparations for testing}{}% 22
\BOOKMARK [2][-]{subsection.3.1}{The IC which where tested}{section.3}% 23
\BOOKMARK [3][-]{subsubsection.3.1.1}{TPS51200}{subsection.3.1}% 24
\BOOKMARK [3][-]{subsubsection.3.1.2}{MIC69302WU}{subsection.3.1}% 25
\BOOKMARK [3][-]{subsubsection.3.1.3}{SN74AVCB164245}{subsection.3.1}% 26
\BOOKMARK [3][-]{subsubsection.3.1.4}{SN74AVC2T245}{subsection.3.1}% 27
\BOOKMARK [3][-]{subsubsection.3.1.5}{QS3VH257}{subsection.3.1}% 28
\BOOKMARK [3][-]{subsubsection.3.1.6}{SY89831U}{subsection.3.1}% 29
\BOOKMARK [3][-]{subsubsection.3.1.7}{ADN2814 and MAX3748}{subsection.3.1}% 30
\BOOKMARK [3][-]{subsubsection.3.1.8}{Software}{subsection.3.1}% 31
\BOOKMARK [3][-]{subsubsection.3.1.9}{SmartFusion2 \(SF2\)}{subsection.3.1}% 32
\BOOKMARK [1][-]{section.4}{Testing at Oslo Cyclotron Laboratory \(OCL\)}{}% 33
\BOOKMARK [2][-]{subsection.4.1}{About OCL}{section.4}% 34
\BOOKMARK [2][-]{subsection.4.2}{Experiment setup and equipment}{section.4}% 35
\BOOKMARK [2][-]{subsection.4.3}{Measurement equipment and test boards}{section.4}% 36
\BOOKMARK [3][-]{subsubsection.4.3.1}{SRAM board}{subsection.4.3}% 37
\BOOKMARK [3][-]{subsubsection.4.3.2}{Scintillator counter}{subsection.4.3}% 38
\BOOKMARK [3][-]{subsubsection.4.3.3}{X-Y-positioning system}{subsection.4.3}% 39
\BOOKMARK [2][-]{subsection.4.4}{Preparation and characterization of the beam}{section.4}% 40
\BOOKMARK [3][-]{subsubsection.4.4.1}{Purpose of tests}{subsection.4.4}% 41
\BOOKMARK [3][-]{subsubsection.4.4.2}{Beam setup}{subsection.4.4}% 42
\BOOKMARK [1][-]{section.5}{Results and calculations from beam test at OCL}{}% 43
\BOOKMARK [2][-]{subsection.5.1}{Calibration process}{section.5}% 44
\BOOKMARK [2][-]{subsection.5.2}{Test results}{section.5}% 45
\BOOKMARK [3][-]{subsubsection.5.2.1}{TPS51200}{subsection.5.2}% 46
\BOOKMARK [3][-]{subsubsection.5.2.2}{MIC69302WU}{subsection.5.2}% 47
\BOOKMARK [3][-]{subsubsection.5.2.3}{SN74AVCB164245}{subsection.5.2}% 48
\BOOKMARK [3][-]{subsubsection.5.2.4}{SN74AVC2T245}{subsection.5.2}% 49
\BOOKMARK [3][-]{subsubsection.5.2.5}{QS3VH257}{subsection.5.2}% 50
\BOOKMARK [3][-]{subsubsection.5.2.6}{SY89831}{subsection.5.2}% 51
\BOOKMARK [3][-]{subsubsection.5.2.7}{ADN2814}{subsection.5.2}% 52
\BOOKMARK [3][-]{subsubsection.5.2.8}{MAX3748}{subsection.5.2}% 53
\BOOKMARK [2][-]{subsection.5.3}{Calculation of dose}{section.5}% 54
\BOOKMARK [2][-]{subsection.5.4}{Discussion of the result}{section.5}% 55
\BOOKMARK [1][-]{section.6}{Conclusion}{}% 56
\BOOKMARK [1][-]{section.7}{Appendix}{}% 57
\BOOKMARK [2][-]{subsection.7.1}{datasheets}{section.7}% 58
